\BOOKMARK [0][-]{chapter.1}{\376\377\0001\000\040\000M\000o\000d\000u\000l\000e\000s\000\040\000I\000n\000d\000e\000x}{}% 1
\BOOKMARK [1][-]{section.1.1}{\376\377\0001\000.\0001\000\040\000M\000o\000d\000u\000l\000e\000s\000\040\000L\000i\000s\000t}{chapter.1}% 2
\BOOKMARK [0][-]{chapter.2}{\376\377\0002\000\040\000F\000i\000l\000e\000\040\000I\000n\000d\000e\000x}{}% 3
\BOOKMARK [1][-]{section.2.1}{\376\377\0002\000.\0001\000\040\000F\000i\000l\000e\000\040\000L\000i\000s\000t}{chapter.2}% 4
\BOOKMARK [0][-]{chapter.3}{\376\377\0003\000\040\000M\000o\000d\000u\000l\000e\000\040\000D\000o\000c\000u\000m\000e\000n\000t\000a\000t\000i\000o\000n}{}% 5
\BOOKMARK [1][-]{section.3.1}{\376\377\0003\000.\0001\000\040\000c\000o\000n\000s\000t\000\137\000m\000o\000d\000u\000l\000e\000\040\000M\000o\000d\000u\000l\000e\000\040\000R\000e\000f\000e\000r\000e\000n\000c\000e}{chapter.3}% 6
\BOOKMARK [2][-]{subsection.3.1.1}{\376\377\0003\000.\0001\000.\0001\000\040\000V\000a\000r\000i\000a\000b\000l\000e\000\040\000D\000o\000c\000u\000m\000e\000n\000t\000a\000t\000i\000o\000n}{section.3.1}% 7
\BOOKMARK [3][-]{subsubsection.3.1.1.1}{\376\377\0003\000.\0001\000.\0001\000.\0001\000\040\000c\000e\000u\000s}{subsection.3.1.1}% 8
\BOOKMARK [3][-]{subsubsection.3.1.1.2}{\376\377\0003\000.\0001\000.\0001\000.\0002\000\040\000c\000h\000a\000r\000a\000c\000t\000e\000r\000i\000s\000t\000i\000c}{subsection.3.1.1}% 9
\BOOKMARK [3][-]{subsubsection.3.1.1.3}{\376\377\0003\000.\0001\000.\0001\000.\0003\000\040\000c\000y\0001\0004}{subsection.3.1.1}% 10
\BOOKMARK [3][-]{subsubsection.3.1.1.4}{\376\377\0003\000.\0001\000.\0001\000.\0004\000\040\000d\000e\000g}{subsection.3.1.1}% 11
\BOOKMARK [3][-]{subsubsection.3.1.1.5}{\376\377\0003\000.\0001\000.\0001\000.\0005\000\040\000d\000e\000g\0002\000r\000a\000d}{subsection.3.1.1}% 12
\BOOKMARK [3][-]{subsubsection.3.1.1.6}{\376\377\0003\000.\0001\000.\0001\000.\0006\000\040\000d\000e\000l\000t\000a}{subsection.3.1.1}% 13
\BOOKMARK [3][-]{subsubsection.3.1.1.7}{\376\377\0003\000.\0001\000.\0001\000.\0007\000\040\000e\000a\000r\000t\000h\000\137\000r}{subsection.3.1.1}% 14
\BOOKMARK [3][-]{subsubsection.3.1.1.8}{\376\377\0003\000.\0001\000.\0001\000.\0008\000\040\000e\000x\000p\000o\000n\000e\000n\000t\000i\000a\000l}{subsection.3.1.1}% 15
\BOOKMARK [3][-]{subsubsection.3.1.1.9}{\376\377\0003\000.\0001\000.\0001\000.\0009\000\040\000h\000e\000a\000v\000i\000s\000i\000d\000e}{subsection.3.1.1}% 16
\BOOKMARK [3][-]{subsubsection.3.1.1.10}{\376\377\0003\000.\0001\000.\0001\000.\0001\0000\000\040\000k\000m}{subsection.3.1.1}% 17
\BOOKMARK [3][-]{subsubsection.3.1.1.11}{\376\377\0003\000.\0001\000.\0001\000.\0001\0001\000\040\000n\000a}{subsection.3.1.1}% 18
\BOOKMARK [3][-]{subsubsection.3.1.1.12}{\376\377\0003\000.\0001\000.\0001\000.\0001\0002\000\040\000n\000m}{subsection.3.1.1}% 19
\BOOKMARK [3][-]{subsubsection.3.1.1.13}{\376\377\0003\000.\0001\000.\0001\000.\0001\0003\000\040\000n\000o\000r\000m\000a\000l}{subsection.3.1.1}% 20
\BOOKMARK [3][-]{subsubsection.3.1.1.14}{\376\377\0003\000.\0001\000.\0001\000.\0001\0004\000\040\000p\000e\000e\000r}{subsection.3.1.1}% 21
\BOOKMARK [3][-]{subsubsection.3.1.1.15}{\376\377\0003\000.\0001\000.\0001\000.\0001\0005\000\040\000p\000i}{subsection.3.1.1}% 22
\BOOKMARK [3][-]{subsubsection.3.1.1.16}{\376\377\0003\000.\0001\000.\0001\000.\0001\0006\000\040\000p\000o\000i\000n\000t}{subsection.3.1.1}% 23
\BOOKMARK [3][-]{subsubsection.3.1.1.17}{\376\377\0003\000.\0001\000.\0001\000.\0001\0007\000\040\000r\000a\000d\0002\000d\000e\000g}{subsection.3.1.1}% 24
\BOOKMARK [3][-]{subsubsection.3.1.1.18}{\376\377\0003\000.\0001\000.\0001\000.\0001\0008\000\040\000r\000v}{subsection.3.1.1}% 25
\BOOKMARK [3][-]{subsubsection.3.1.1.19}{\376\377\0003\000.\0001\000.\0001\000.\0001\0009\000\040\000s\000a\000d\000i\000g\000h\0009\0007}{subsection.3.1.1}% 26
\BOOKMARK [3][-]{subsubsection.3.1.1.20}{\376\377\0003\000.\0001\000.\0001\000.\0002\0000\000\040\000s\000q\000r\000t\0002\000\137\000i\000n\000v}{subsection.3.1.1}% 27
\BOOKMARK [3][-]{subsubsection.3.1.1.21}{\376\377\0003\000.\0001\000.\0001\000.\0002\0001\000\040\000s\000s}{subsection.3.1.1}% 28
\BOOKMARK [3][-]{subsubsection.3.1.1.22}{\376\377\0003\000.\0001\000.\0001\000.\0002\0002\000\040\000t\000r\000i\000a\000n\000g\000u\000l\000a\000r}{subsection.3.1.1}% 29
\BOOKMARK [3][-]{subsubsection.3.1.1.23}{\376\377\0003\000.\0001\000.\0001\000.\0002\0003\000\040\000t\000r\000u\000n\000c\000\137\000n\000o\000r\000m\000a\000l}{subsection.3.1.1}% 30
\BOOKMARK [3][-]{subsubsection.3.1.1.24}{\376\377\0003\000.\0001\000.\0001\000.\0002\0004\000\040\000u\000n\000i\000f\000o\000r\000m}{subsection.3.1.1}% 31
\BOOKMARK [3][-]{subsubsection.3.1.1.25}{\376\377\0003\000.\0001\000.\0001\000.\0002\0005\000\040\000w\000c\0009\0004}{subsection.3.1.1}% 32
\BOOKMARK [1][-]{section.3.2}{\376\377\0003\000.\0002\000\040\000f\000l\000t\000\137\000m\000o\000d\000u\000l\000e\000\040\000M\000o\000d\000u\000l\000e\000\040\000R\000e\000f\000e\000r\000e\000n\000c\000e}{chapter.3}% 33
\BOOKMARK [2][-]{subsection.3.2.1}{\376\377\0003\000.\0002\000.\0001\000\040\000F\000u\000n\000c\000t\000i\000o\000n\000/\000S\000u\000b\000r\000o\000u\000t\000i\000n\000e\000\040\000D\000o\000c\000u\000m\000e\000n\000t\000a\000t\000i\000o\000n}{section.3.2}% 34
\BOOKMARK [3][-]{subsubsection.3.2.1.1}{\376\377\0003\000.\0002\000.\0001\000.\0001\000\040\000a\000l\000i\000g\000n\000\137\000m\000o\000d\000e\000l\000\050\000\051}{subsection.3.2.1}% 35
\BOOKMARK [3][-]{subsubsection.3.2.1.2}{\376\377\0003\000.\0002\000.\0001\000.\0002\000\040\000c\000a\000l\000\137\000c\000o\000o\000r\000\137\000d\000\050\000\051}{subsection.3.2.1}% 36
\BOOKMARK [3][-]{subsubsection.3.2.1.3}{\376\377\0003\000.\0002\000.\0001\000.\0003\000\040\000c\000a\000l\000\137\000p\000\137\000l\000o\000c\000d\000\137\000a\000r\000r\000\050\000\051}{subsection.3.2.1}% 37
\BOOKMARK [3][-]{subsubsection.3.2.1.4}{\376\377\0003\000.\0002\000.\0001\000.\0004\000\040\000c\000a\000l\000d\000e\000p\000t\000h\000p\000r\000o\000b\000\050\000\051}{subsection.3.2.1}% 38
\BOOKMARK [3][-]{subsubsection.3.2.1.5}{\376\377\0003\000.\0002\000.\0001\000.\0005\000\040\000d\000e\000g\0002\000k\000m\000\137\000m\000o\000d\000e\000l\000\050\000\051}{subsection.3.2.1}% 39
\BOOKMARK [3][-]{subsubsection.3.2.1.6}{\376\377\0003\000.\0002\000.\0001\000.\0006\000\040\000f\000l\000t\000\137\000i\000n\000i\000\050\000\051}{subsection.3.2.1}% 40
\BOOKMARK [3][-]{subsubsection.3.2.1.7}{\376\377\0003\000.\0002\000.\0001\000.\0007\000\040\000l\000o\000c\000a\000t\000e\000\137\000r\000u\000p\000t\000u\000r\000e\000\050\000S\0001\000\137\000l\000o\000c\000a\000l\000,\000\040\000S\0002\000\137\000l\000o\000c\000a\000l\000,\000\040\000r\000u\000p\000\137\000c\000o\000o\000r\000\051}{subsection.3.2.1}% 41
\BOOKMARK [3][-]{subsubsection.3.2.1.8}{\376\377\0003\000.\0002\000.\0001\000.\0008\000\040\000m\000a\000g\000\137\000f\000r\000e\000q\000\137\000d\000i\000s\000t\000r\000i\000b\000u\000t\000i\000o\000n\000\050\000\051}{subsection.3.2.1}% 42
\BOOKMARK [3][-]{subsubsection.3.2.1.9}{\376\377\0003\000.\0002\000.\0001\000.\0009\000\040\000m\000w\0002\000a\000r\000u\000p\000\050\000\051}{subsection.3.2.1}% 43
\BOOKMARK [3][-]{subsubsection.3.2.1.10}{\376\377\0003\000.\0002\000.\0001\000.\0001\0000\000\040\000r\000u\000p\000t\000u\000r\000e\000\137\000l\000o\000c\000a\000t\000i\000o\000n\000\050\000\051}{subsection.3.2.1}% 44
\BOOKMARK [3][-]{subsubsection.3.2.1.11}{\376\377\0003\000.\0002\000.\0001\000.\0001\0001\000\040\000u\000n\000i\000t\000\137\000c\000o\000n\000v\000e\000r\000s\000i\000o\000n\000\050\000\051}{subsection.3.2.1}% 45
\BOOKMARK [2][-]{subsection.3.2.2}{\376\377\0003\000.\0002\000.\0002\000\040\000V\000a\000r\000i\000a\000b\000l\000e\000\040\000D\000o\000c\000u\000m\000e\000n\000t\000a\000t\000i\000o\000n}{section.3.2}% 46
\BOOKMARK [3][-]{subsubsection.3.2.2.1}{\376\377\0003\000.\0002\000.\0002\000.\0001\000\040\000c\000o\000o\000r\000\137\000d}{subsection.3.2.2}% 47
\BOOKMARK [3][-]{subsubsection.3.2.2.2}{\376\377\0003\000.\0002\000.\0002\000.\0002\000\040\000f\000l\000t\000\137\000a\000r\000e\000a}{subsection.3.2.2}% 48
\BOOKMARK [3][-]{subsubsection.3.2.2.3}{\376\377\0003\000.\0002\000.\0002\000.\0003\000\040\000f\000l\000t\000\137\000a\000z\000\137\000s\000e\000g}{subsection.3.2.2}% 49
\BOOKMARK [3][-]{subsubsection.3.2.2.4}{\376\377\0003\000.\0002\000.\0002\000.\0004\000\040\000f\000l\000t\000\137\000c\000o\000o\000r}{subsection.3.2.2}% 50
\BOOKMARK [3][-]{subsubsection.3.2.2.5}{\376\377\0003\000.\0002\000.\0002\000.\0005\000\040\000f\000l\000t\000\137\000l\000e\000n}{subsection.3.2.2}% 51
\BOOKMARK [3][-]{subsubsection.3.2.2.6}{\376\377\0003\000.\0002\000.\0002\000.\0006\000\040\000f\000l\000t\000\137\000l\000e\000n\000\137\000s\000e\000g}{subsection.3.2.2}% 52
\BOOKMARK [3][-]{subsubsection.3.2.2.7}{\376\377\0003\000.\0002\000.\0002\000.\0007\000\040\000f\000l\000t\000\137\000s\000\137\000c\000o\000r\000n\000e\000r}{subsection.3.2.2}% 53
\BOOKMARK [3][-]{subsubsection.3.2.2.8}{\376\377\0003\000.\0002\000.\0002\000.\0008\000\040\000f\000l\000t\000\137\000s\000t\000r\000i\000k\000e\000\137\000d\000e\000g}{subsection.3.2.2}% 54
\BOOKMARK [3][-]{subsubsection.3.2.2.9}{\376\377\0003\000.\0002\000.\0002\000.\0009\000\040\000f\000l\000t\000\137\000s\000t\000r\000i\000k\000e\000\137\000r\000a\000d}{subsection.3.2.2}% 55
\BOOKMARK [3][-]{subsubsection.3.2.2.10}{\376\377\0003\000.\0002\000.\0002\000.\0001\0000\000\040\000f\000l\000t\000\137\000w\000i\000d}{subsection.3.2.2}% 56
\BOOKMARK [3][-]{subsubsection.3.2.2.11}{\376\377\0003\000.\0002\000.\0002\000.\0001\0001\000\040\000f\000t\000o\000p}{subsection.3.2.2}% 57
\BOOKMARK [3][-]{subsubsection.3.2.2.12}{\376\377\0003\000.\0002\000.\0002\000.\0001\0002\000\040\000i\000\137\000d\000i\000s\000t\000\137\000b\000i\000n}{subsection.3.2.2}% 58
\BOOKMARK [3][-]{subsubsection.3.2.2.13}{\376\377\0003\000.\0002\000.\0002\000.\0001\0003\000\040\000i\000\137\000e\000p\000s\000\137\000b\000i\000n}{subsection.3.2.2}% 59
\BOOKMARK [3][-]{subsubsection.3.2.2.14}{\376\377\0003\000.\0002\000.\0002\000.\0001\0004\000\040\000i\000\137\000f\000r\000e\000q}{subsection.3.2.2}% 60
\BOOKMARK [3][-]{subsubsection.3.2.2.15}{\376\377\0003\000.\0002\000.\0002\000.\0001\0005\000\040\000i\000\137\000i\000n\000t\000e\000n}{subsection.3.2.2}% 61
\BOOKMARK [3][-]{subsubsection.3.2.2.16}{\376\377\0003\000.\0002\000.\0002\000.\0001\0006\000\040\000i\000\137\000l\000o\000c\000d}{subsection.3.2.2}% 62
\BOOKMARK [3][-]{subsubsection.3.2.2.17}{\376\377\0003\000.\0002\000.\0002\000.\0001\0007\000\040\000i\000\137\000l\000o\000c\000s}{subsection.3.2.2}% 63
\BOOKMARK [3][-]{subsubsection.3.2.2.18}{\376\377\0003\000.\0002\000.\0002\000.\0001\0008\000\040\000i\000\137\000m\000a\000g}{subsection.3.2.2}% 64
\BOOKMARK [3][-]{subsubsection.3.2.2.19}{\376\377\0003\000.\0002\000.\0002\000.\0001\0009\000\040\000i\000\137\000m\000a\000g\000\137\000b\000i\000n}{subsection.3.2.2}% 65
\BOOKMARK [3][-]{subsubsection.3.2.2.20}{\376\377\0003\000.\0002\000.\0002\000.\0002\0000\000\040\000i\000\137\000s\000e\000g}{subsection.3.2.2}% 66
\BOOKMARK [3][-]{subsubsection.3.2.2.21}{\376\377\0003\000.\0002\000.\0002\000.\0002\0001\000\040\000m\000a\000g\000\137\000i\000n\000c}{subsection.3.2.2}% 67
\BOOKMARK [3][-]{subsubsection.3.2.2.22}{\376\377\0003\000.\0002\000.\0002\000.\0002\0002\000\040\000m\000a\000g\000\137\000i\000n\000c\000\137\0000}{subsection.3.2.2}% 68
\BOOKMARK [3][-]{subsubsection.3.2.2.23}{\376\377\0003\000.\0002\000.\0002\000.\0002\0003\000\040\000m\000w}{subsection.3.2.2}% 69
\BOOKMARK [3][-]{subsubsection.3.2.2.24}{\376\377\0003\000.\0002\000.\0002\000.\0002\0004\000\040\000n\000\137\000c\000o\000r}{subsection.3.2.2}% 70
\BOOKMARK [3][-]{subsubsection.3.2.2.25}{\376\377\0003\000.\0002\000.\0002\000.\0002\0005\000\040\000n\000\137\000l\000o\000c\000d}{subsection.3.2.2}% 71
\BOOKMARK [3][-]{subsubsection.3.2.2.26}{\376\377\0003\000.\0002\000.\0002\000.\0002\0006\000\040\000n\000\137\000l\000o\000c\000s}{subsection.3.2.2}% 72
\BOOKMARK [3][-]{subsubsection.3.2.2.27}{\376\377\0003\000.\0002\000.\0002\000.\0002\0007\000\040\000n\000\137\000m\000a\000g}{subsection.3.2.2}% 73
\BOOKMARK [3][-]{subsubsection.3.2.2.28}{\376\377\0003\000.\0002\000.\0002\000.\0002\0008\000\040\000p\000\137\000l\000o\000c\000d}{subsection.3.2.2}% 74
\BOOKMARK [3][-]{subsubsection.3.2.2.29}{\376\377\0003\000.\0002\000.\0002\000.\0002\0009\000\040\000p\000\137\000l\000o\000c\000d\000\137\000a\000r\000r}{subsection.3.2.2}% 75
\BOOKMARK [3][-]{subsubsection.3.2.2.30}{\376\377\0003\000.\0002\000.\0002\000.\0003\0000\000\040\000p\000\137\000l\000o\000c\000s}{subsection.3.2.2}% 76
\BOOKMARK [3][-]{subsubsection.3.2.2.31}{\376\377\0003\000.\0002\000.\0002\000.\0003\0001\000\040\000r\000a\000t\000e}{subsection.3.2.2}% 77
\BOOKMARK [3][-]{subsubsection.3.2.2.32}{\376\377\0003\000.\0002\000.\0002\000.\0003\0002\000\040\000r\000a\000t\000e\000\137\000i\000n\000c}{subsection.3.2.2}% 78
\BOOKMARK [3][-]{subsubsection.3.2.2.33}{\376\377\0003\000.\0002\000.\0002\000.\0003\0003\000\040\000r\000a\000t\000e\000\137\000i\000n\000c\000\137\0000}{subsection.3.2.2}% 79
\BOOKMARK [3][-]{subsubsection.3.2.2.34}{\376\377\0003\000.\0002\000.\0002\000.\0003\0004\000\040\000r\000j\000b}{subsection.3.2.2}% 80
\BOOKMARK [3][-]{subsubsection.3.2.2.35}{\376\377\0003\000.\0002\000.\0002\000.\0003\0005\000\040\000r\000r\000u\000p}{subsection.3.2.2}% 81
\BOOKMARK [3][-]{subsubsection.3.2.2.36}{\376\377\0003\000.\0002\000.\0002\000.\0003\0006\000\040\000r\000u\000p\000\137\000a\000r\000e\000a}{subsection.3.2.2}% 82
\BOOKMARK [3][-]{subsubsection.3.2.2.37}{\376\377\0003\000.\0002\000.\0002\000.\0003\0007\000\040\000r\000u\000p\000\137\000a\000r\000e\000a\000\137\000t\000r\000i\000a\000l}{subsection.3.2.2}% 83
\BOOKMARK [3][-]{subsubsection.3.2.2.38}{\376\377\0003\000.\0002\000.\0002\000.\0003\0008\000\040\000r\000u\000p\000\137\000c\000o\000o\000r}{subsection.3.2.2}% 84
\BOOKMARK [3][-]{subsubsection.3.2.2.39}{\376\377\0003\000.\0002\000.\0002\000.\0003\0009\000\040\000r\000u\000p\000\137\000l\000e\000n}{subsection.3.2.2}% 85
\BOOKMARK [3][-]{subsubsection.3.2.2.40}{\376\377\0003\000.\0002\000.\0002\000.\0004\0000\000\040\000r\000u\000p\000\137\000l\000e\000n\000\137\000t\000r\000i\000a\000l}{subsection.3.2.2}% 86
\BOOKMARK [3][-]{subsubsection.3.2.2.41}{\376\377\0003\000.\0002\000.\0002\000.\0004\0001\000\040\000r\000u\000p\000\137\000t\000o\000p}{subsection.3.2.2}% 87
\BOOKMARK [3][-]{subsubsection.3.2.2.42}{\376\377\0003\000.\0002\000.\0002\000.\0004\0002\000\040\000r\000u\000p\000\137\000w\000i\000d}{subsection.3.2.2}% 88
\BOOKMARK [3][-]{subsubsection.3.2.2.43}{\376\377\0003\000.\0002\000.\0002\000.\0004\0003\000\040\000r\000u\000p\000\137\000w\000i\000d\000\137\000t\000r\000i\000a\000l}{subsection.3.2.2}% 89
\BOOKMARK [3][-]{subsubsection.3.2.2.44}{\376\377\0003\000.\0002\000.\0002\000.\0004\0004\000\040\000r\000x}{subsection.3.2.2}% 90
\BOOKMARK [3][-]{subsubsection.3.2.2.45}{\376\377\0003\000.\0002\000.\0002\000.\0004\0005\000\040\000s\0001}{subsection.3.2.2}% 91
\BOOKMARK [3][-]{subsubsection.3.2.2.46}{\376\377\0003\000.\0002\000.\0002\000.\0004\0006\000\040\000s\0002}{subsection.3.2.2}% 92
\BOOKMARK [3][-]{subsubsection.3.2.2.47}{\376\377\0003\000.\0002\000.\0002\000.\0004\0007\000\040\000s\000i\000t\000e\000\137\000c\000o\000o\000r}{subsection.3.2.2}% 93
\BOOKMARK [3][-]{subsubsection.3.2.2.48}{\376\377\0003\000.\0002\000.\0002\000.\0004\0008\000\040\000s\000t\000e\000p\000\137\000d}{subsection.3.2.2}% 94
\BOOKMARK [3][-]{subsubsection.3.2.2.49}{\376\377\0003\000.\0002\000.\0002\000.\0004\0009\000\040\000s\000t\000e\000p\000\137\000d\000\137\000h}{subsection.3.2.2}% 95
\BOOKMARK [3][-]{subsubsection.3.2.2.50}{\376\377\0003\000.\0002\000.\0002\000.\0005\0000\000\040\000s\000t\000e\000p\000\137\000d\000\137\000h\000c}{subsection.3.2.2}% 96
\BOOKMARK [3][-]{subsubsection.3.2.2.51}{\376\377\0003\000.\0002\000.\0002\000.\0005\0001\000\040\000s\000t\000e\000p\000\137\000d\000\137\000h\000s}{subsection.3.2.2}% 97
\BOOKMARK [3][-]{subsubsection.3.2.2.52}{\376\377\0003\000.\0002\000.\0002\000.\0005\0002\000\040\000s\000t\000e\000p\000\137\000d\000\137\000t\000r\000i\000a\000l}{subsection.3.2.2}% 98
\BOOKMARK [3][-]{subsubsection.3.2.2.53}{\376\377\0003\000.\0002\000.\0002\000.\0005\0003\000\040\000s\000t\000e\000p\000\137\000d\000\137\000v}{subsection.3.2.2}% 99
\BOOKMARK [3][-]{subsubsection.3.2.2.54}{\376\377\0003\000.\0002\000.\0002\000.\0005\0004\000\040\000s\000t\000e\000p\000\137\000s}{subsection.3.2.2}% 100
\BOOKMARK [3][-]{subsubsection.3.2.2.55}{\376\377\0003\000.\0002\000.\0002\000.\0005\0005\000\040\000s\000t\000e\000p\000\137\000s\000\137\000t\000r\000i\000a\000l}{subsection.3.2.2}% 101
\BOOKMARK [3][-]{subsubsection.3.2.2.56}{\376\377\0003\000.\0002\000.\0002\000.\0005\0006\000\040\000t\000i\000n}{subsection.3.2.2}% 102
\BOOKMARK [1][-]{section.3.3}{\376\377\0003\000.\0003\000\040\000g\000m\000p\000e\000\137\000m\000o\000d\000u\000l\000e\000\040\000M\000o\000d\000u\000l\000e\000\040\000R\000e\000f\000e\000r\000e\000n\000c\000e}{chapter.3}% 103
\BOOKMARK [2][-]{subsection.3.3.1}{\376\377\0003\000.\0003\000.\0001\000\040\000F\000u\000n\000c\000t\000i\000o\000n\000/\000S\000u\000b\000r\000o\000u\000t\000i\000n\000e\000\040\000D\000o\000c\000u\000m\000e\000n\000t\000a\000t\000i\000o\000n}{section.3.3}% 104
\BOOKMARK [3][-]{subsubsection.3.3.1.1}{\376\377\0003\000.\0003\000.\0001\000.\0001\000\040\000c\000y\000\137\0002\0000\0001\0004\000\137\000s\000u\000b\000\050\000M\000,\000\040\000i\000p\000,\000\040\000R\000\137\000R\000U\000P\000,\000\040\000R\000\137\000J\000B\000,\000\040\000R\000x\000,\000\040\000Z\000t\000o\000r\000,\000\040\000d\000e\000l\000t\000a\000,\000\040\000F\000\137\000R\000V\000,\000\040\000F\000\137\000N\000M\000,\000\040\000H\000W\000,\000\040\000Z\0001\0000\000,\000\040\000V\000s\0003\0000\000,\000\040\000F\000V\000S\0003\0000\000,\000\040\000r\000e\000g\000i\000o\000n\000,\000\040\000d\000\137\000D\000P\000P\000,\000\040\000l\000n\000S\000a\000,\000\040\000s\000i\000g\000m\000a\000\051}{subsection.3.3.1}% 105
\BOOKMARK [3][-]{subsubsection.3.3.1.2}{\376\377\0003\000.\0003\000.\0001\000.\0002\000\040\000g\000m\000p\000e\000\137\000c\000y\0001\0004\000\050\000M\000,\000\040\000T\000,\000\040\000R\000r\000u\000p\000,\000\040\000R\000j\000b\000,\000\040\000R\000x\000,\000\040\000Z\000t\000o\000r\000,\000\040\000d\000i\000p\000,\000\040\000m\000\137\000S\000O\000F\000,\000\040\000Z\0001\0000\000,\000\040\000V\000s\0003\0000\000,\000\040\000g\000m\000p\000e\000\137\000p\000a\000r\000a\000m\000s\000,\000\040\000g\000m\000p\000e\000\137\000o\000p\000t\000s\000,\000\040\000l\000n\000S\000a\000,\000\040\000s\000i\000g\000m\000a\000\051}{subsection.3.3.1}% 106
\BOOKMARK [3][-]{subsubsection.3.3.1.3}{\376\377\0003\000.\0003\000.\0001\000.\0003\000\040\000g\000m\000p\000e\000\137\000i\000n\000t\000e\000r\000f\000a\000c\000e\000\050\000m\000\137\000g\000m\000p\000e\000\137\000n\000a\000m\000e\000,\000\040\000T\000i\000n\000,\000\040\000M\000w\000,\000\040\000m\000\137\000s\000o\000f\000,\000\040\000R\000r\000u\000p\000,\000\040\000R\000j\000b\000,\000\040\000R\000x\000,\000\040\000Z\000t\000o\000r\000,\000\040\000d\000i\000p\000,\000\040\000V\000s\0003\0000\000,\000\040\000Z\0001\0000\000,\000\040\000g\000m\000p\000e\000\137\000p\000a\000r\000a\000m\000s\000,\000\040\000g\000m\000p\000e\000\137\000o\000p\000t\000s\000,\000\040\000l\000n\000S\000a\000,\000\040\000S\000i\000g\000m\000a\000\051}{subsection.3.3.1}% 107
\BOOKMARK [3][-]{subsubsection.3.3.1.4}{\376\377\0003\000.\0003\000.\0001\000.\0004\000\040\000g\000m\000p\000e\000\137\000s\000a\000d\000i\000g\000h\0009\0007\000\050\000l\000n\000S\000a\000,\000\040\000S\000i\000g\000m\000a\000,\000\040\000M\000,\000\040\000R\000r\000u\000p\000,\000\040\000T\000i\000n\000,\000\040\000m\000\137\000S\000O\000F\000\051}{subsection.3.3.1}% 108
\BOOKMARK [3][-]{subsubsection.3.3.1.5}{\376\377\0003\000.\0003\000.\0001\000.\0005\000\040\000p\000e\000r\000\137\000i\000n\000d\000x\000\137\000c\000y\0001\0004\000\050\000p\000e\000r\000,\000\040\000p\000e\000r\000\137\000i\000n\000d\000x\000\051}{subsection.3.3.1}% 109
\BOOKMARK [1][-]{section.3.4}{\376\377\0003\000.\0004\000\040\000i\000n\000p\000u\000t\000\137\000m\000o\000d\000u\000l\000e\000\040\000M\000o\000d\000u\000l\000e\000\040\000R\000e\000f\000e\000r\000e\000n\000c\000e}{chapter.3}% 110
\BOOKMARK [2][-]{subsection.3.4.1}{\376\377\0003\000.\0004\000.\0001\000\040\000F\000u\000n\000c\000t\000i\000o\000n\000/\000S\000u\000b\000r\000o\000u\000t\000i\000n\000e\000\040\000D\000o\000c\000u\000m\000e\000n\000t\000a\000t\000i\000o\000n}{section.3.4}% 111
\BOOKMARK [3][-]{subsubsection.3.4.1.1}{\376\377\0003\000.\0004\000.\0001\000.\0001\000\040\000c\000l\000o\000s\000e\000\137\000f\000i\000l\000e\000\050\000\051}{subsection.3.4.1}% 112
\BOOKMARK [3][-]{subsubsection.3.4.1.2}{\376\377\0003\000.\0004\000.\0001\000.\0002\000\040\000p\000r\000i\000n\000t\000\137\000h\000a\000z\000\050\000h\000a\000z\000\051}{subsection.3.4.1}% 113
\BOOKMARK [3][-]{subsubsection.3.4.1.3}{\376\377\0003\000.\0004\000.\0001\000.\0003\000\040\000p\000r\000i\000n\000t\000\137\000h\000a\000z\000\137\000b\000i\000n\000\050\000h\000a\000z\000\137\000b\000i\000n\000\051}{subsection.3.4.1}% 114
\BOOKMARK [3][-]{subsubsection.3.4.1.4}{\376\377\0003\000.\0004\000.\0001\000.\0004\000\040\000r\000e\000a\000d\000\137\000a\000l\000e\000a\000t\000o\000r\000y\000\137\000d\000i\000s\000t\000r\000i\000b\000u\000t\000i\000o\000n\000\050\000\051}{subsection.3.4.1}% 115
\BOOKMARK [3][-]{subsubsection.3.4.1.5}{\376\377\0003\000.\0004\000.\0001\000.\0005\000\040\000r\000e\000a\000d\000\137\000a\000s\000p\000e\000c\000t\000\137\000r\000a\000t\000i\000o\000\050\000\051}{subsection.3.4.1}% 116
\BOOKMARK [3][-]{subsubsection.3.4.1.6}{\376\377\0003\000.\0004\000.\0001\000.\0006\000\040\000r\000e\000a\000d\000\137\000b\000\137\000v\000a\000l\000u\000e\000\050\000\051}{subsection.3.4.1}% 117
\BOOKMARK [3][-]{subsubsection.3.4.1.7}{\376\377\0003\000.\0004\000.\0001\000.\0007\000\040\000r\000e\000a\000d\000\137\000d\000e\000p\000t\000h\000\137\000d\000i\000s\000t\000r\000i\000b\000u\000t\000i\000o\000n\000\050\000\051}{subsection.3.4.1}% 118
\BOOKMARK [3][-]{subsubsection.3.4.1.8}{\376\377\0003\000.\0004\000.\0001\000.\0008\000\040\000r\000e\000a\000d\000\137\000d\000e\000p\000t\000h\000\137\000p\000a\000r\000a\000m\000\050\000\051}{subsection.3.4.1}% 119
\BOOKMARK [3][-]{subsubsection.3.4.1.9}{\376\377\0003\000.\0004\000.\0001\000.\0009\000\040\000r\000e\000a\000d\000\137\000d\000i\000p\000\050\000\051}{subsection.3.4.1}% 120
\BOOKMARK [3][-]{subsubsection.3.4.1.10}{\376\377\0003\000.\0004\000.\0001\000.\0001\0000\000\040\000r\000e\000a\000d\000\137\000d\000i\000s\000t\000\137\000b\000i\000n\000\050\000\051}{subsection.3.4.1}% 121
\BOOKMARK [3][-]{subsubsection.3.4.1.11}{\376\377\0003\000.\0004\000.\0001\000.\0001\0001\000\040\000r\000e\000a\000d\000\137\000e\000p\000s\000\137\000b\000i\000n\000\050\000\051}{subsection.3.4.1}% 122
\BOOKMARK [3][-]{subsubsection.3.4.1.12}{\376\377\0003\000.\0004\000.\0001\000.\0001\0002\000\040\000r\000e\000a\000d\000\137\000f\000a\000u\000l\000t\000\137\000t\000r\000a\000c\000e\000\050\000\051}{subsection.3.4.1}% 123
\BOOKMARK [3][-]{subsubsection.3.4.1.13}{\376\377\0003\000.\0004\000.\0001\000.\0001\0003\000\040\000r\000e\000a\000d\000\137\000f\000r\000e\000q\000u\000e\000n\000c\000y\000\050\000\051}{subsection.3.4.1}% 124
\BOOKMARK [3][-]{subsubsection.3.4.1.14}{\376\377\0003\000.\0004\000.\0001\000.\0001\0004\000\040\000r\000e\000a\000d\000\137\000g\000m\000p\000e\000\137\000n\000a\000m\000e\000\050\000\051}{subsection.3.4.1}% 125
\BOOKMARK [3][-]{subsubsection.3.4.1.15}{\376\377\0003\000.\0004\000.\0001\000.\0001\0005\000\040\000r\000e\000a\000d\000\137\000g\000m\000p\000e\000\137\000o\000p\000t\000s\000\050\000\051}{subsection.3.4.1}% 126
\BOOKMARK [3][-]{subsubsection.3.4.1.16}{\376\377\0003\000.\0004\000.\0001\000.\0001\0006\000\040\000r\000e\000a\000d\000\137\000g\000m\000p\000e\000\137\000p\000a\000r\000a\000m\000s\000\050\000\051}{subsection.3.4.1}% 127
\BOOKMARK [3][-]{subsubsection.3.4.1.17}{\376\377\0003\000.\0004\000.\0001\000.\0001\0007\000\040\000r\000e\000a\000d\000\137\000i\000n\000p\000u\000t\000\050\000\051}{subsection.3.4.1}% 128
\BOOKMARK [3][-]{subsubsection.3.4.1.18}{\376\377\0003\000.\0004\000.\0001\000.\0001\0008\000\040\000r\000e\000a\000d\000\137\000i\000n\000t\000e\000n\000s\000i\000t\000y\000\050\000\051}{subsection.3.4.1}% 129
\BOOKMARK [3][-]{subsubsection.3.4.1.19}{\376\377\0003\000.\0004\000.\0001\000.\0001\0009\000\040\000r\000e\000a\000d\000\137\000m\000a\000g\000\137\000b\000i\000n\000\050\000\051}{subsection.3.4.1}% 130
\BOOKMARK [3][-]{subsubsection.3.4.1.20}{\376\377\0003\000.\0004\000.\0001\000.\0002\0000\000\040\000r\000e\000a\000d\000\137\000m\000a\000g\000\137\000r\000a\000n\000g\000e\000\050\000\051}{subsection.3.4.1}% 131
\BOOKMARK [3][-]{subsubsection.3.4.1.21}{\376\377\0003\000.\0004\000.\0001\000.\0002\0001\000\040\000r\000e\000a\000d\000\137\000m\000a\000g\000\137\000s\000t\000e\000p\000\050\000\051}{subsection.3.4.1}% 132
\BOOKMARK [3][-]{subsubsection.3.4.1.22}{\376\377\0003\000.\0004\000.\0001\000.\0002\0002\000\040\000r\000e\000a\000d\000\137\000r\000e\000c\000\137\000r\000e\000l\000a\000t\000i\000o\000n\000\050\000\051}{subsection.3.4.1}% 133
\BOOKMARK [3][-]{subsubsection.3.4.1.23}{\376\377\0003\000.\0004\000.\0001\000.\0002\0003\000\040\000r\000e\000a\000d\000\137\000s\000c\000a\000l\000i\000n\000g\000\137\000m\000o\000d\000e\000l}{subsection.3.4.1}% 134
\BOOKMARK [3][-]{subsubsection.3.4.1.24}{\376\377\0003\000.\0004\000.\0001\000.\0002\0004\000\040\000r\000e\000a\000d\000\137\000s\000e\000i\000s\000m\000o\000g\000e\000n\000i\000c\000\137\000d\000e\000p\000t\000h\000\050\000\051}{subsection.3.4.1}% 135
\BOOKMARK [3][-]{subsubsection.3.4.1.25}{\376\377\0003\000.\0004\000.\0001\000.\0002\0005\000\040\000r\000e\000a\000d\000\137\000s\000i\000t\000e\000\050\000\051}{subsection.3.4.1}% 136
\BOOKMARK [3][-]{subsubsection.3.4.1.26}{\376\377\0003\000.\0004\000.\0001\000.\0002\0006\000\040\000r\000e\000a\000d\000\137\000s\000l\000i\000p\000\137\000r\000a\000t\000e\000\050\000\051}{subsection.3.4.1}% 137
\BOOKMARK [3][-]{subsubsection.3.4.1.27}{\376\377\0003\000.\0004\000.\0001\000.\0002\0007\000\040\000r\000e\000a\000d\000\137\000s\000o\000f\000\050\000\051}{subsection.3.4.1}% 138
\BOOKMARK [3][-]{subsubsection.3.4.1.28}{\376\377\0003\000.\0004\000.\0001\000.\0002\0008\000\040\000r\000e\000a\000d\000\137\000s\000t\000r\000i\000k\000e\000\137\000d\000i\000p\000\137\000s\000t\000e\000p\000\050\000\051}{subsection.3.4.1}% 139
\BOOKMARK [3][-]{subsubsection.3.4.1.29}{\376\377\0003\000.\0004\000.\0001\000.\0002\0009\000\040\000r\000e\000a\000d\000\137\000t\000r\000u\000n\000c\000\137\000l\000e\000v\000e\000l\000\050\000\051}{subsection.3.4.1}% 140
\BOOKMARK [3][-]{subsubsection.3.4.1.30}{\376\377\0003\000.\0004\000.\0001\000.\0003\0000\000\040\000r\000e\000a\000d\000\137\000u\000n\000i\000t\000\050\000\051}{subsection.3.4.1}% 141
\BOOKMARK [3][-]{subsubsection.3.4.1.31}{\376\377\0003\000.\0004\000.\0001\000.\0003\0001\000\040\000r\000e\000a\000d\000\137\000v\000s\0003\0000\000\050\000\051}{subsection.3.4.1}% 142
\BOOKMARK [3][-]{subsubsection.3.4.1.32}{\376\377\0003\000.\0004\000.\0001\000.\0003\0002\000\040\000r\000e\000a\000d\000\137\000z\0001\0000\000\050\000\051}{subsection.3.4.1}% 143
\BOOKMARK [3][-]{subsubsection.3.4.1.33}{\376\377\0003\000.\0004\000.\0001\000.\0003\0003\000\040\000r\000e\000a\000d\000\137\000z\0002\0005\000\050\000\051}{subsection.3.4.1}% 144
\BOOKMARK [2][-]{subsection.3.4.2}{\376\377\0003\000.\0004\000.\0002\000\040\000V\000a\000r\000i\000a\000b\000l\000e\000\040\000D\000o\000c\000u\000m\000e\000n\000t\000a\000t\000i\000o\000n}{section.3.4}% 145
\BOOKMARK [3][-]{subsubsection.3.4.2.1}{\376\377\0003\000.\0004\000.\0002\000.\0001\000\040\000a\000r\000g}{subsection.3.4.2}% 146
\BOOKMARK [3][-]{subsubsection.3.4.2.2}{\376\377\0003\000.\0004\000.\0002\000.\0002\000\040\000a\000s\000p\000e\000c\000t\000\137\000r\000a\000t\000i\000o}{subsection.3.4.2}% 147
\BOOKMARK [3][-]{subsubsection.3.4.2.3}{\376\377\0003\000.\0004\000.\0002\000.\0003\000\040\000b\000\137\000v\000a\000l\000u\000e}{subsection.3.4.2}% 148
\BOOKMARK [3][-]{subsubsection.3.4.2.4}{\376\377\0003\000.\0004\000.\0002\000.\0004\000\040\000d\000e\000p\000t\000h\000\137\000p\000a\000r\000a\000m}{subsection.3.4.2}% 149
\BOOKMARK [3][-]{subsubsection.3.4.2.5}{\376\377\0003\000.\0004\000.\0002\000.\0005\000\040\000d\000i\000p\000\137\000s\000t\000e\000p}{subsection.3.4.2}% 150
\BOOKMARK [3][-]{subsubsection.3.4.2.6}{\376\377\0003\000.\0004\000.\0002\000.\0006\000\040\000d\000i\000s\000t\000\137\000b\000i\000n}{subsection.3.4.2}% 151
\BOOKMARK [3][-]{subsubsection.3.4.2.7}{\376\377\0003\000.\0004\000.\0002\000.\0007\000\040\000e\000a\000s\000t\000a\000t}{subsection.3.4.2}% 152
\BOOKMARK [3][-]{subsubsection.3.4.2.8}{\376\377\0003\000.\0004\000.\0002\000.\0008\000\040\000e\000p\000s\000\137\000b\000i\000n}{subsection.3.4.2}% 153
\BOOKMARK [3][-]{subsubsection.3.4.2.9}{\376\377\0003\000.\0004\000.\0002\000.\0009\000\040\000e\000x\000t\000\137\000d\000a\000g}{subsection.3.4.2}% 154
\BOOKMARK [3][-]{subsubsection.3.4.2.10}{\376\377\0003\000.\0004\000.\0002\000.\0001\0000\000\040\000e\000x\000t\000\137\000h\000a\000z}{subsection.3.4.2}% 155
\BOOKMARK [3][-]{subsubsection.3.4.2.11}{\376\377\0003\000.\0004\000.\0002\000.\0001\0001\000\040\000e\000x\000t\000\137\000l\000o\000g}{subsection.3.4.2}% 156
\BOOKMARK [3][-]{subsubsection.3.4.2.12}{\376\377\0003\000.\0004\000.\0002\000.\0001\0002\000\040\000e\000x\000t\000\137\000r\000u\000p}{subsection.3.4.2}% 157
\BOOKMARK [3][-]{subsubsection.3.4.2.13}{\376\377\0003\000.\0004\000.\0002\000.\0001\0003\000\040\000f\000l\000t\000\137\000d\000i\000p\000\137\000d\000e\000g}{subsection.3.4.2}% 158
\BOOKMARK [3][-]{subsubsection.3.4.2.14}{\376\377\0003\000.\0004\000.\0002\000.\0001\0004\000\040\000f\000l\000t\000\137\000d\000i\000p\000\137\000r\000a\000d}{subsection.3.4.2}% 159
\BOOKMARK [3][-]{subsubsection.3.4.2.15}{\376\377\0003\000.\0004\000.\0002\000.\0001\0005\000\040\000f\000l\000t\000\137\000n\000\137\000c\000o\000r\000n\000e\000r}{subsection.3.4.2}% 160
\BOOKMARK [3][-]{subsubsection.3.4.2.16}{\376\377\0003\000.\0004\000.\0002\000.\0001\0006\000\040\000f\000l\000t\000\137\000n\000\137\000s\000e\000g}{subsection.3.4.2}% 161
\BOOKMARK [3][-]{subsubsection.3.4.2.17}{\376\377\0003\000.\0004\000.\0002\000.\0001\0007\000\040\000f\000l\000t\000\137\000t\000r\000a\000c\000e}{subsection.3.4.2}% 162
\BOOKMARK [3][-]{subsubsection.3.4.2.18}{\376\377\0003\000.\0004\000.\0002\000.\0001\0008\000\040\000f\000n\000m\000\137\000d\000a\000g}{subsection.3.4.2}% 163
\BOOKMARK [3][-]{subsubsection.3.4.2.19}{\376\377\0003\000.\0004\000.\0002\000.\0001\0009\000\040\000f\000n\000m\000\137\000h\000a\000z}{subsection.3.4.2}% 164
\BOOKMARK [3][-]{subsubsection.3.4.2.20}{\376\377\0003\000.\0004\000.\0002\000.\0002\0000\000\040\000f\000n\000m\000\137\000i\000n\000p}{subsection.3.4.2}% 165
\BOOKMARK [3][-]{subsubsection.3.4.2.21}{\376\377\0003\000.\0004\000.\0002\000.\0002\0001\000\040\000f\000n\000m\000\137\000l\000o\000g}{subsection.3.4.2}% 166
\BOOKMARK [3][-]{subsubsection.3.4.2.22}{\376\377\0003\000.\0004\000.\0002\000.\0002\0002\000\040\000f\000n\000m\000\137\000r\000u\000p}{subsection.3.4.2}% 167
\BOOKMARK [3][-]{subsubsection.3.4.2.23}{\376\377\0003\000.\0004\000.\0002\000.\0002\0003\000\040\000f\000p\000\137\000d\000a\000g}{subsection.3.4.2}% 168
\BOOKMARK [3][-]{subsubsection.3.4.2.24}{\376\377\0003\000.\0004\000.\0002\000.\0002\0004\000\040\000f\000p\000\137\000h\000a\000z}{subsection.3.4.2}% 169
\BOOKMARK [3][-]{subsubsection.3.4.2.25}{\376\377\0003\000.\0004\000.\0002\000.\0002\0005\000\040\000f\000p\000\137\000i\000n\000p}{subsection.3.4.2}% 170
\BOOKMARK [3][-]{subsubsection.3.4.2.26}{\376\377\0003\000.\0004\000.\0002\000.\0002\0006\000\040\000f\000p\000\137\000l\000o\000g}{subsection.3.4.2}% 171
\BOOKMARK [3][-]{subsubsection.3.4.2.27}{\376\377\0003\000.\0004\000.\0002\000.\0002\0007\000\040\000f\000p\000\137\000r\000u\000p}{subsection.3.4.2}% 172
\BOOKMARK [3][-]{subsubsection.3.4.2.28}{\376\377\0003\000.\0004\000.\0002\000.\0002\0008\000\040\000f\000r\000e\000q\000u\000e\000n\000c\000y}{subsection.3.4.2}% 173
\BOOKMARK [3][-]{subsubsection.3.4.2.29}{\376\377\0003\000.\0004\000.\0002\000.\0002\0009\000\040\000g\000m\000p\000e\000\137\000n\000a\000m\000e}{subsection.3.4.2}% 174
\BOOKMARK [3][-]{subsubsection.3.4.2.30}{\376\377\0003\000.\0004\000.\0002\000.\0003\0000\000\040\000g\000m\000p\000e\000\137\000o\000p\000t\000s}{subsection.3.4.2}% 175
\BOOKMARK [3][-]{subsubsection.3.4.2.31}{\376\377\0003\000.\0004\000.\0002\000.\0003\0001\000\040\000g\000m\000p\000e\000\137\000p\000a\000r\000a\000m\000s}{subsection.3.4.2}% 176
\BOOKMARK [3][-]{subsubsection.3.4.2.32}{\376\377\0003\000.\0004\000.\0002\000.\0003\0002\000\040\000i\000n\000p\000\137\000e\000x\000i\000s\000t}{subsection.3.4.2}% 177
\BOOKMARK [3][-]{subsubsection.3.4.2.33}{\376\377\0003\000.\0004\000.\0002\000.\0003\0003\000\040\000i\000n\000t\000e\000n\000s\000i\000t\000y}{subsection.3.4.2}% 178
\BOOKMARK [3][-]{subsubsection.3.4.2.34}{\376\377\0003\000.\0004\000.\0002\000.\0003\0004\000\040\000i\000o\000s\000t}{subsection.3.4.2}% 179
\BOOKMARK [3][-]{subsubsection.3.4.2.35}{\376\377\0003\000.\0004\000.\0002\000.\0003\0005\000\040\000l\000i\000n\000e}{subsection.3.4.2}% 180
\BOOKMARK [3][-]{subsubsection.3.4.2.36}{\376\377\0003\000.\0004\000.\0002\000.\0003\0006\000\040\000m\000\137\000a\000l\000e\000a\000t\000o\000r\000y\000\137\000d\000i\000s\000t\000r\000i\000b\000u\000t\000i\000o\000n}{subsection.3.4.2}% 181
\BOOKMARK [3][-]{subsubsection.3.4.2.37}{\376\377\0003\000.\0004\000.\0002\000.\0003\0007\000\040\000m\000\137\000d\000e\000p\000t\000h\000\137\000d\000i\000s\000t\000r\000i\000b\000u\000t\000i\000o\000n}{subsection.3.4.2}% 182
\BOOKMARK [3][-]{subsubsection.3.4.2.38}{\376\377\0003\000.\0004\000.\0002\000.\0003\0008\000\040\000m\000\137\000g\000m\000p\000e\000\137\000n\000a\000m\000e}{subsection.3.4.2}% 183
\BOOKMARK [3][-]{subsubsection.3.4.2.39}{\376\377\0003\000.\0004\000.\0002\000.\0003\0009\000\040\000m\000\137\000r\000e\000c\000\137\000r\000e\000l\000a\000t\000i\000o\000n}{subsection.3.4.2}% 184
\BOOKMARK [3][-]{subsubsection.3.4.2.40}{\376\377\0003\000.\0004\000.\0002\000.\0004\0000\000\040\000m\000\137\000s\000c\000a\000l\000i\000n\000g}{subsection.3.4.2}% 185
\BOOKMARK [3][-]{subsubsection.3.4.2.41}{\376\377\0003\000.\0004\000.\0002\000.\0004\0001\000\040\000m\000\137\000s\000i\000g\000m\000a\000\137\000t\000r\000u\000n\000c}{subsection.3.4.2}% 186
\BOOKMARK [3][-]{subsubsection.3.4.2.42}{\376\377\0003\000.\0004\000.\0002\000.\0004\0002\000\040\000m\000\137\000s\000o\000f}{subsection.3.4.2}% 187
\BOOKMARK [3][-]{subsubsection.3.4.2.43}{\376\377\0003\000.\0004\000.\0002\000.\0004\0003\000\040\000m\000\137\000u\000n\000i\000t}{subsection.3.4.2}% 188
\BOOKMARK [3][-]{subsubsection.3.4.2.44}{\376\377\0003\000.\0004\000.\0002\000.\0004\0004\000\040\000m\000a\000g\000\137\000b\000i\000n}{subsection.3.4.2}% 189
\BOOKMARK [3][-]{subsubsection.3.4.2.45}{\376\377\0003\000.\0004\000.\0002\000.\0004\0005\000\040\000m\000a\000g\000\137\000s\000t\000e\000p}{subsection.3.4.2}% 190
\BOOKMARK [3][-]{subsubsection.3.4.2.46}{\376\377\0003\000.\0004\000.\0002\000.\0004\0006\000\040\000m\000m\000a\000x}{subsection.3.4.2}% 191
\BOOKMARK [3][-]{subsubsection.3.4.2.47}{\376\377\0003\000.\0004\000.\0002\000.\0004\0007\000\040\000m\000m\000i\000n}{subsection.3.4.2}% 192
\BOOKMARK [3][-]{subsubsection.3.4.2.48}{\376\377\0003\000.\0004\000.\0002\000.\0004\0008\000\040\000n\000\137\000d\000i\000s\000t\000\137\000b\000i\000n}{subsection.3.4.2}% 193
\BOOKMARK [3][-]{subsubsection.3.4.2.49}{\376\377\0003\000.\0004\000.\0002\000.\0004\0009\000\040\000n\000\137\000e\000p\000s\000\137\000b\000i\000n}{subsection.3.4.2}% 194
\BOOKMARK [3][-]{subsubsection.3.4.2.50}{\376\377\0003\000.\0004\000.\0002\000.\0005\0000\000\040\000n\000\137\000f\000r\000e\000q}{subsection.3.4.2}% 195
\BOOKMARK [3][-]{subsubsection.3.4.2.51}{\376\377\0003\000.\0004\000.\0002\000.\0005\0001\000\040\000n\000\137\000i\000n\000t\000e\000n}{subsection.3.4.2}% 196
\BOOKMARK [3][-]{subsubsection.3.4.2.52}{\376\377\0003\000.\0004\000.\0002\000.\0005\0002\000\040\000n\000\137\000m\000a\000g\000\137\000b\000i\000n}{subsection.3.4.2}% 197
\BOOKMARK [3][-]{subsubsection.3.4.2.53}{\376\377\0003\000.\0004\000.\0002\000.\0005\0003\000\040\000n\000u\000m\000v\000a\000l\000u\000e\000s}{subsection.3.4.2}% 198
\BOOKMARK [3][-]{subsubsection.3.4.2.54}{\376\377\0003\000.\0004\000.\0002\000.\0005\0004\000\040\000p\000p\000o\000s}{subsection.3.4.2}% 199
\BOOKMARK [3][-]{subsubsection.3.4.2.55}{\376\377\0003\000.\0004\000.\0002\000.\0005\0005\000\040\000s\000i\000t\000e}{subsection.3.4.2}% 200
\BOOKMARK [3][-]{subsubsection.3.4.2.56}{\376\377\0003\000.\0004\000.\0002\000.\0005\0006\000\040\000s\000l\000i\000p\000\137\000r\000a\000t\000e}{subsection.3.4.2}% 201
\BOOKMARK [3][-]{subsubsection.3.4.2.57}{\376\377\0003\000.\0004\000.\0002\000.\0005\0007\000\040\000s\000m\000a\000x}{subsection.3.4.2}% 202
\BOOKMARK [3][-]{subsubsection.3.4.2.58}{\376\377\0003\000.\0004\000.\0002\000.\0005\0008\000\040\000s\000m\000i\000n}{subsection.3.4.2}% 203
\BOOKMARK [3][-]{subsubsection.3.4.2.59}{\376\377\0003\000.\0004\000.\0002\000.\0005\0009\000\040\000s\000t\000r\000\137\000t\000m\000p}{subsection.3.4.2}% 204
\BOOKMARK [3][-]{subsubsection.3.4.2.60}{\376\377\0003\000.\0004\000.\0002\000.\0006\0000\000\040\000s\000t\000r\000i\000k\000e\000\137\000s\000t\000e\000p}{subsection.3.4.2}% 205
\BOOKMARK [3][-]{subsubsection.3.4.2.61}{\376\377\0003\000.\0004\000.\0002\000.\0006\0001\000\040\000t\000e\000m\000p\0001}{subsection.3.4.2}% 206
\BOOKMARK [3][-]{subsubsection.3.4.2.62}{\376\377\0003\000.\0004\000.\0002\000.\0006\0002\000\040\000t\000e\000m\000p\0002}{subsection.3.4.2}% 207
\BOOKMARK [3][-]{subsubsection.3.4.2.63}{\376\377\0003\000.\0004\000.\0002\000.\0006\0003\000\040\000t\000e\000m\000p\000\137\000i\000n\000t}{subsection.3.4.2}% 208
\BOOKMARK [3][-]{subsubsection.3.4.2.64}{\376\377\0003\000.\0004\000.\0002\000.\0006\0004\000\040\000t\000m\000p\0001}{subsection.3.4.2}% 209
\BOOKMARK [3][-]{subsubsection.3.4.2.65}{\376\377\0003\000.\0004\000.\0002\000.\0006\0005\000\040\000t\000m\000p\0002}{subsection.3.4.2}% 210
\BOOKMARK [3][-]{subsubsection.3.4.2.66}{\376\377\0003\000.\0004\000.\0002\000.\0006\0006\000\040\000t\000m\000p\000\137\000i\000n\000t}{subsection.3.4.2}% 211
\BOOKMARK [3][-]{subsubsection.3.4.2.67}{\376\377\0003\000.\0004\000.\0002\000.\0006\0007\000\040\000t\000r\000u\000n\000c\000\137\000l\000e\000v\000e\000l}{subsection.3.4.2}% 212
\BOOKMARK [3][-]{subsubsection.3.4.2.68}{\376\377\0003\000.\0004\000.\0002\000.\0006\0008\000\040\000v\000s\0003\0000}{subsection.3.4.2}% 213
\BOOKMARK [3][-]{subsubsection.3.4.2.69}{\376\377\0003\000.\0004\000.\0002\000.\0006\0009\000\040\000w\000r\000t\000\137\000f\000m\000t}{subsection.3.4.2}% 214
\BOOKMARK [3][-]{subsubsection.3.4.2.70}{\376\377\0003\000.\0004\000.\0002\000.\0007\0000\000\040\000z\0001\0000}{subsection.3.4.2}% 215
\BOOKMARK [3][-]{subsubsection.3.4.2.71}{\376\377\0003\000.\0004\000.\0002\000.\0007\0001\000\040\000z\0002\0005}{subsection.3.4.2}% 216
\BOOKMARK [1][-]{section.3.5}{\376\377\0003\000.\0005\000\040\000u\000t\000i\000l\000s\000\040\000M\000o\000d\000u\000l\000e\000\040\000R\000e\000f\000e\000r\000e\000n\000c\000e}{chapter.3}% 217
\BOOKMARK [2][-]{subsection.3.5.1}{\376\377\0003\000.\0005\000.\0001\000\040\000F\000u\000n\000c\000t\000i\000o\000n\000/\000S\000u\000b\000r\000o\000u\000t\000i\000n\000e\000\040\000D\000o\000c\000u\000m\000e\000n\000t\000a\000t\000i\000o\000n}{section.3.5}% 218
\BOOKMARK [3][-]{subsubsection.3.5.1.1}{\376\377\0003\000.\0005\000.\0001\000.\0001\000\040\000c\000a\000l\000\137\000r\000x\000\050\000c\000o\000o\000r\000\051}{subsection.3.5.1}% 219
\BOOKMARK [3][-]{subsubsection.3.5.1.2}{\376\377\0003\000.\0005\000.\0001\000.\0002\000\040\000d\000e\000g\0002\000k\000m\000\137\000s\000i\000m\000p\000l\000e\000\050\000v\000n\000,\000\040\000v\000e\000,\000\040\000a\000l\000a\000t\000\137\000s\000t\000a\000,\000\040\000a\000l\000o\000n\000\137\000s\000t\000a\000,\000\040\000a\000l\000a\000t\000\137\000r\000e\000f\000,\000\040\000a\000l\000o\000n\000\137\000r\000e\000f\000\051}{subsection.3.5.1}% 220
\BOOKMARK [3][-]{subsubsection.3.5.1.3}{\376\377\0003\000.\0005\000.\0001\000.\0003\000\040\000d\000e\000l\000a\000z\0002\000\137\000k\000m\000\050\000y\0001\000,\000\040\000x\0001\000,\000\040\000y\0002\000,\000\040\000x\0002\000,\000\040\000d\000e\000l\000t\000a\000,\000\040\000a\000z\000\051}{subsection.3.5.1}% 221
\BOOKMARK [3][-]{subsubsection.3.5.1.4}{\376\377\0003\000.\0005\000.\0001\000.\0004\000\040\000d\000e\000l\000t\000a\000c\000d\000f\000\050\000x\000\051}{subsection.3.5.1}% 222
\BOOKMARK [3][-]{subsubsection.3.5.1.5}{\376\377\0003\000.\0005\000.\0001\000.\0005\000\040\000d\000i\000s\000t\000\137\000r\000u\000p\000\137\000s\000e\000g\000\050\000R\000r\000u\000p\000,\000\040\000R\000j\000b\000,\000\040\000R\000x\000,\000\040\000c\000o\000o\000r\000,\000\040\000Z\000t\000o\000r\000,\000\040\000s\000t\000r\000i\000k\000e\000,\000\040\000d\000i\000p\000,\000\040\000r\000u\000p\000\137\000w\000i\000d\000\051}{subsection.3.5.1}% 223
\BOOKMARK [3][-]{subsubsection.3.5.1.6}{\376\377\0003\000.\0005\000.\0001\000.\0006\000\040\000d\000i\000s\000t\000\137\000r\000u\000p\000\137\000s\000e\000t\000\050\000R\000r\000u\000p\000,\000\040\000R\000j\000b\000,\000\040\000R\000x\000,\000\040\000c\000o\000o\000r\000,\000\040\000Z\000t\000o\000r\000,\000\040\000s\000t\000r\000i\000k\000e\000,\000\040\000d\000i\000p\000,\000\040\000r\000u\000p\000\137\000w\000i\000d\000\051}{subsection.3.5.1}% 224
\BOOKMARK [3][-]{subsubsection.3.5.1.7}{\376\377\0003\000.\0005\000.\0001\000.\0007\000\040\000d\000o\000t\0003\000\050\000x\000,\000\040\000y\000\051}{subsection.3.5.1}% 225
\BOOKMARK [3][-]{subsubsection.3.5.1.8}{\376\377\0003\000.\0005\000.\0001\000.\0008\000\040\000i\000n\000t\000e\000r\000p\000\137\000c\000o\000e\000f\000f\000\050\000x\0001\000,\000\040\000x\0002\000,\000\040\000y\0001\000,\000\040\000y\0002\000,\000\040\000x\000,\000\040\000y\000,\000\040\000i\000f\000l\000a\000g\000\051}{subsection.3.5.1}% 226
\BOOKMARK [3][-]{subsubsection.3.5.1.9}{\376\377\0003\000.\0005\000.\0001\000.\0009\000\040\000l\000o\000c\000a\000t\000e\000\050\000i\000b\000i\000n\000,\000\040\000e\000d\000g\000e\000,\000\040\000x\000\051}{subsection.3.5.1}% 227
\BOOKMARK [3][-]{subsubsection.3.5.1.10}{\376\377\0003\000.\0005\000.\0001\000.\0001\0000\000\040\000m\0002\0002\000d\000e\000t\000\050\000A\000\051}{subsection.3.5.1}% 228
\BOOKMARK [3][-]{subsubsection.3.5.1.11}{\376\377\0003\000.\0005\000.\0001\000.\0001\0001\000\040\000m\0003\0003\000d\000e\000t\000\050\000A\000\051}{subsection.3.5.1}% 229
\BOOKMARK [3][-]{subsubsection.3.5.1.12}{\376\377\0003\000.\0005\000.\0001\000.\0001\0002\000\040\000n\000o\000r\000m\000c\000d\000f\000\050\000x\000\051}{subsection.3.5.1}% 230
\BOOKMARK [3][-]{subsubsection.3.5.1.13}{\376\377\0003\000.\0005\000.\0001\000.\0001\0003\000\040\000p\000o\000i\000n\000t\000l\000i\000n\000e\000s\000e\000g\000d\000i\000s\000t\000a\000n\000c\000e\000\050\000a\000,\000\040\000b\000,\000\040\000x\000,\000\040\000d\000i\000s\000t\000\051}{subsection.3.5.1}% 231
\BOOKMARK [3][-]{subsubsection.3.5.1.14}{\376\377\0003\000.\0005\000.\0001\000.\0001\0004\000\040\000p\000o\000i\000n\000t\000t\000r\000i\000a\000n\000g\000l\000e\000d\000i\000s\000t\000a\000n\000c\000e\000\050\000T\000R\000I\0001\000,\000\040\000T\000R\000I\0002\000,\000\040\000T\000R\000I\0003\000,\000\040\000P\000,\000\040\000d\000i\000s\000t\000\051}{subsection.3.5.1}% 232
\BOOKMARK [3][-]{subsubsection.3.5.1.15}{\376\377\0003\000.\0005\000.\0001\000.\0001\0005\000\040\000p\000r\000o\000b\000\137\000e\000x\000c\000e\000e\000d\000\050\000p\000\137\000e\000x\000c\000e\000e\000d\000,\000\040\000m\000\137\000e\000p\000s\000,\000\040\000m\000\137\000a\000l\000e\000a\000t\000o\000r\000y\000\137\000d\000i\000s\000t\000r\000i\000b\000u\000t\000i\000o\000n\000,\000\040\000t\000r\000u\000n\000c\000l\000e\000v\000e\000l\000\051}{subsection.3.5.1}% 233
\BOOKMARK [3][-]{subsubsection.3.5.1.16}{\376\377\0003\000.\0005\000.\0001\000.\0001\0006\000\040\000t\000r\000u\000n\000c\000n\000o\000r\000m\000c\000d\000f\000\050\000x\000,\000\040\000a\000,\000\040\000b\000,\000\040\000z\000\051}{subsection.3.5.1}% 234
\BOOKMARK [0][-]{chapter.4}{\376\377\0004\000\040\000F\000i\000l\000e\000\040\000D\000o\000c\000u\000m\000e\000n\000t\000a\000t\000i\000o\000n}{}% 235
\BOOKMARK [1][-]{section.4.1}{\376\377\0004\000.\0001\000\040\000c\000o\000n\000s\000t\000\137\000m\000o\000d\000u\000l\000e\000.\000f\0009\0000\000\040\000F\000i\000l\000e\000\040\000R\000e\000f\000e\000r\000e\000n\000c\000e}{chapter.4}% 236
\BOOKMARK [1][-]{section.4.2}{\376\377\0004\000.\0002\000\040\000f\000l\000t\000\137\000m\000o\000d\000u\000l\000e\000.\000f\0009\0000\000\040\000F\000i\000l\000e\000\040\000R\000e\000f\000e\000r\000e\000n\000c\000e}{chapter.4}% 237
\BOOKMARK [2][-]{subsection.4.2.1}{\376\377\0004\000.\0002\000.\0001\000\040\000F\000u\000n\000c\000t\000i\000o\000n\000/\000S\000u\000b\000r\000o\000u\000t\000i\000n\000e\000\040\000D\000o\000c\000u\000m\000e\000n\000t\000a\000t\000i\000o\000n}{section.4.2}% 238
\BOOKMARK [3][-]{subsubsection.4.2.1.1}{\376\377\0004\000.\0002\000.\0001\000.\0001\000\040\000m\000f\000d\000\137\000c\000h\000a\000r\000\050\000\051}{subsection.4.2.1}% 239
\BOOKMARK [3][-]{subsubsection.4.2.1.2}{\376\377\0004\000.\0002\000.\0001\000.\0002\000\040\000m\000f\000d\000\137\000d\000e\000l\000t\000a\000\050\000\051}{subsection.4.2.1}% 240
\BOOKMARK [3][-]{subsubsection.4.2.1.3}{\376\377\0004\000.\0002\000.\0001\000.\0003\000\040\000m\000f\000d\000\137\000e\000x\000p\000\050\000\051}{subsection.4.2.1}% 241
\BOOKMARK [1][-]{section.4.3}{\376\377\0004\000.\0003\000\040\000G\000M\000P\000E\000\137\000m\000o\000d\000u\000l\000e\000.\000f\0009\0000\000\040\000F\000i\000l\000e\000\040\000R\000e\000f\000e\000r\000e\000n\000c\000e}{chapter.4}% 242
\BOOKMARK [1][-]{section.4.4}{\376\377\0004\000.\0004\000\040\000i\000n\000p\000u\000t\000\137\000m\000o\000d\000u\000l\000e\000.\000f\0009\0000\000\040\000F\000i\000l\000e\000\040\000R\000e\000f\000e\000r\000e\000n\000c\000e}{chapter.4}% 243
\BOOKMARK [1][-]{section.4.5}{\376\377\0004\000.\0005\000\040\000m\000a\000i\000n\000\137\000f\000l\000t\000\137\000h\000a\000z\000.\000f\0009\0000\000\040\000F\000i\000l\000e\000\040\000R\000e\000f\000e\000r\000e\000n\000c\000e}{chapter.4}% 244
\BOOKMARK [2][-]{subsection.4.5.1}{\376\377\0004\000.\0005\000.\0001\000\040\000F\000u\000n\000c\000t\000i\000o\000n\000/\000S\000u\000b\000r\000o\000u\000t\000i\000n\000e\000\040\000D\000o\000c\000u\000m\000e\000n\000t\000a\000t\000i\000o\000n}{section.4.5}% 245
\BOOKMARK [3][-]{subsubsection.4.5.1.1}{\376\377\0004\000.\0005\000.\0001\000.\0001\000\040\000f\000l\000t\000\137\000h\000a\000z}{subsection.4.5.1}% 246
\BOOKMARK [1][-]{section.4.6}{\376\377\0004\000.\0006\000\040\000u\000t\000i\000l\000s\000.\000f\0009\0000\000\040\000F\000i\000l\000e\000\040\000R\000e\000f\000e\000r\000e\000n\000c\000e}{chapter.4}% 247
\BOOKMARK [0][-]{section*.22}{\376\377\000I\000n\000d\000e\000x}{}% 248
